<?xml version="1.0" encoding="UTF-8"?>
<robot generator="Robot 6.0.2 (Python 3.11.1 on darwin)" generated="20230811 21:12:39.158" rpa="false" schemaversion="3">
<suite id="s1" name="Keywords" source="/Users/mehmetbuyukturk/Desktop/RF_Dersleri/Keywords.robot">
<test id="s1-t1" name="Ders1" line="7">
<kw name="Ekrana Merhaba Yaz">
<kw name="Log To Console" library="BuiltIn">
<arg>Merhaba</arg>
<doc>Logs the given message to the console.</doc>
<status status="PASS" starttime="20230811 21:12:39.166" endtime="20230811 21:12:39.166"/>
</kw>
<status status="PASS" starttime="20230811 21:12:39.166" endtime="20230811 21:12:39.166"/>
</kw>
<kw name="Ekrana Yaz">
<arg>yusuf</arg>
<kw name="Log To Console" library="BuiltIn">
<arg>${kelime}</arg>
<doc>Logs the given message to the console.</doc>
<status status="PASS" starttime="20230811 21:12:39.166" endtime="20230811 21:12:39.166"/>
</kw>
<status status="PASS" starttime="20230811 21:12:39.166" endtime="20230811 21:12:39.166"/>
</kw>
<kw name="Opsiyonel Parametre Alan Keywords">
<arg>Zorunu parametre</arg>
<kw name="Log To Console" library="BuiltIn">
<arg>${kelime1} ${kelime2}</arg>
<doc>Logs the given message to the console.</doc>
<status status="PASS" starttime="20230811 21:12:39.166" endtime="20230811 21:12:39.167"/>
</kw>
<status status="PASS" starttime="20230811 21:12:39.166" endtime="20230811 21:12:39.167"/>
</kw>
<kw name="Opsiyonel Parametre Alan Keywords">
<arg>Zorunlu parametre</arg>
<arg>Opsiyonel parametre</arg>
<kw name="Log To Console" library="BuiltIn">
<arg>${kelime1} ${kelime2}</arg>
<doc>Logs the given message to the console.</doc>
<status status="PASS" starttime="20230811 21:12:39.167" endtime="20230811 21:12:39.167"/>
</kw>
<status status="PASS" starttime="20230811 21:12:39.167" endtime="20230811 21:12:39.167"/>
</kw>
<status status="PASS" starttime="20230811 21:12:39.166" endtime="20230811 21:12:39.167"/>
</test>
<status status="PASS" starttime="20230811 21:12:39.158" endtime="20230811 21:12:39.167"/>
</suite>
<statistics>
<total>
<stat pass="1" fail="0" skip="0">All Tests</stat>
</total>
<tag>
</tag>
<suite>
<stat pass="1" fail="0" skip="0" id="s1" name="Keywords">Keywords</stat>
</suite>
</statistics>
<errors>
</errors>
</robot>
